<?xml version="1.0" encoding="UTF-8"?>
<!-- Generated by org.testng.reporters.JUnitReportReporter -->
<testsuite hostname="EM-PC" failures="0" tests="2" name="Testai.ATest" time="16.521" errors="0" timestamp="2022-09-06T20:14:52 EEST" skipped="0">
  <testcase classname="Testai.ATest" name="TeisingaRegistracija" time="6.657"/>
  <system-out/>
  <testcase classname="Testai.ATest" name="NeunikaliRegistracija" time="9.864"/>
  <system-out/>
</testsuite> <!-- Testai.ATest -->
